2020-09-27 20:06:30,393  rsu3 INFO rsu3 entered the simulation
2020-09-27 20:06:33,397  rsu3 INFO Sending into iface: rsu3-wlan0.
2020-09-27 20:06:33,452  rsu3 INFO Sending into iface: rsu3-mp1.
2020-09-27 20:06:37,520  rsu3 INFO Total received packets at iteration 0 : 0
2020-09-27 20:06:37,540  rsu3 INFO Total received packets at iteration 0 : 0
2020-09-27 20:06:39,543  rsu3 INFO Sending into iface: rsu3-wlan0.
2020-09-27 20:06:39,584  rsu3 INFO Sending into iface: rsu3-mp1.
2020-09-27 20:06:44,657  rsu3 INFO Total received packets at iteration 1 : 0
2020-09-27 20:06:44,689  rsu3 INFO Total received packets at iteration 1 : 0
2020-09-27 20:06:46,691  rsu3 INFO Sending into iface: rsu3-wlan0.
2020-09-27 20:06:46,820  rsu3 INFO Sending into iface: rsu3-mp1.
2020-09-27 20:06:49,893  rsu3 INFO Total received packets at iteration 2 : 0
2020-09-27 20:06:49,934  rsu3 INFO Total received packets at iteration 2 : 0
2020-09-27 20:06:50,935  rsu3 INFO Sending into iface: rsu3-wlan0.
2020-09-27 20:06:50,997  rsu3 INFO Sending into iface: rsu3-mp1.
2020-09-27 20:06:55,077  rsu3 INFO Total received packets at iteration 3 : 0
2020-09-27 20:06:55,117  rsu3 INFO Total received packets at iteration 3 : 0
2020-09-27 20:06:56,118  rsu3 INFO Sending into iface: rsu3-wlan0.
2020-09-27 20:06:56,169  rsu3 INFO Sending into iface: rsu3-mp1.
2020-09-27 20:06:59,241  rsu3 INFO Total received packets at iteration 4 : 0
2020-09-27 20:06:59,272  rsu3 INFO Total received packets at iteration 4 : 0
2020-09-27 20:07:01,275  rsu3 INFO Sending into iface: rsu3-wlan0.
2020-09-27 20:07:01,320  rsu3 INFO Sending into iface: rsu3-mp1.
2020-09-27 20:07:04,417  rsu3 INFO Total received packets at iteration 5 : 0
2020-09-27 20:07:04,433  rsu3 INFO Total received packets at iteration 5 : 0
2020-09-27 20:07:06,437  rsu3 INFO Sending into iface: rsu3-wlan0.
2020-09-27 20:07:06,480  rsu3 INFO Sending into iface: rsu3-mp1.
2020-09-27 20:07:10,548  rsu3 INFO Total received packets at iteration 6 : 0
2020-09-27 20:07:10,565  rsu3 INFO Total received packets at iteration 6 : 0
2020-09-27 20:07:12,571  rsu3 INFO Sending into iface: rsu3-wlan0.
2020-09-27 20:07:12,617  rsu3 INFO Sending into iface: rsu3-mp1.
2020-09-27 20:07:17,702  rsu3 INFO Total received packets at iteration 7 : 0
2020-09-27 20:07:17,780  rsu3 INFO New neighbor MAC: 02:00:00:00:0d:00 | IP: 192.168.1.7
2020-09-27 20:07:17,781  rsu3 INFO Neighbors 1.
2020-09-27 20:07:17,781  rsu3 INFO Device rsu3 rebroadcast packet data b'code=18,name=car7,id=car7-8,n=0,t=1601248034.9352248' 
2020-09-27 20:07:17,785  rsu3 CRITICAL [Errno 19] No such device
